Info: Read atom netlist
Info: Directory C:/Users/R4dioS1lence/Desktop/QuartusProjects/ProjetoFinal_paralelo/board/fpgaxchange exists --if you continue the contents of the directory may be overwritten
Info: Generating FPGA Xchange file C:/Users/R4dioS1lence/Desktop/QuartusProjects/ProjetoFinal_paralelo/board/fpgaxchange/CNN_Layer.fx
Info: Atom 1291 (finished0) has key 'output,2.5 V,Default,Series 50 Ohm without Calibration,--,FAST,0,--,0,--,--'
Info: Atom 1293 (finished1) has key 'output,2.5 V,Default,Series 50 Ohm without Calibration,--,FAST,0,--,0,--,--'
Info: Atom 1295 (finished2) has key 'output,2.5 V,Default,Series 50 Ohm without Calibration,--,FAST,0,--,0,--,--'
Info: Atom 1297 (finished3) has key 'output,2.5 V,Default,Series 50 Ohm without Calibration,--,FAST,0,--,0,--,--'
Info: Atom 1299 (T0_outputW0[0]) has key 'output,2.5 V,Default,Series 50 Ohm without Calibration,--,FAST,0,--,0,--,--'
Info: Atom 1301 (T0_outputW0[1]) has key 'output,2.5 V,Default,Series 50 Ohm without Calibration,--,FAST,0,--,0,--,--'
Info: Atom 1303 (T0_outputW0[2]) has key 'output,2.5 V,Default,Series 50 Ohm without Calibration,--,FAST,0,--,0,--,--'
Info: Atom 1305 (T0_outputW0[3]) has key 'output,2.5 V,Default,Series 50 Ohm without Calibration,--,FAST,0,--,0,--,--'
Info: Atom 1307 (T0_outputW0[4]) has key 'output,2.5 V,Default,Series 50 Ohm without Calibration,--,FAST,0,--,0,--,--'
Info: Atom 1309 (T0_outputW0[5]) has key 'output,2.5 V,Default,Series 50 Ohm without Calibration,--,FAST,0,--,0,--,--'
Info: Atom 1311 (T0_outputW0[6]) has key 'output,2.5 V,Default,Series 50 Ohm without Calibration,--,FAST,0,--,0,--,--'
Info: Atom 1313 (T0_outputW0[7]) has key 'output,2.5 V,Default,Series 50 Ohm without Calibration,--,FAST,0,--,0,--,--'
Info: Atom 1315 (T0_outputW0[8]) has key 'output,2.5 V,Default,Series 50 Ohm without Calibration,--,FAST,0,--,0,--,--'
Info: Atom 1317 (T0_outputW0[9]) has key 'output,2.5 V,Default,Series 50 Ohm without Calibration,--,FAST,0,--,0,--,--'
Info: Atom 1319 (T0_outputW0[10]) has key 'output,2.5 V,Default,Series 50 Ohm without Calibration,--,FAST,0,--,0,--,--'
Info: Atom 1321 (T0_outputW0[11]) has key 'output,2.5 V,Default,Series 50 Ohm without Calibration,--,FAST,0,--,0,--,--'
Info: Atom 1323 (T0_outputW0[12]) has key 'output,2.5 V,Default,Series 50 Ohm without Calibration,--,FAST,0,--,0,--,--'
Info: Atom 1325 (T0_outputW0[13]) has key 'output,2.5 V,Default,Series 50 Ohm without Calibration,--,FAST,0,--,0,--,--'
Info: Atom 1327 (T0_outputW0[14]) has key 'output,2.5 V,Default,Series 50 Ohm without Calibration,--,FAST,0,--,0,--,--'
Info: Atom 1329 (T0_outputW0[15]) has key 'output,2.5 V,Default,Series 50 Ohm without Calibration,--,FAST,0,--,0,--,--'
Info: Atom 1331 (T0_outputW1[0]) has key 'output,2.5 V,Default,Series 50 Ohm without Calibration,--,FAST,0,--,0,--,--'
Info: Atom 1333 (T0_outputW1[1]) has key 'output,2.5 V,Default,Series 50 Ohm without Calibration,--,FAST,0,--,0,--,--'
Info: Atom 1335 (T0_outputW1[2]) has key 'output,2.5 V,Default,Series 50 Ohm without Calibration,--,FAST,0,--,0,--,--'
Info: Atom 1337 (T0_outputW1[3]) has key 'output,2.5 V,Default,Series 50 Ohm without Calibration,--,FAST,0,--,0,--,--'
Info: Atom 1339 (T0_outputW1[4]) has key 'output,2.5 V,Default,Series 50 Ohm without Calibration,--,FAST,0,--,0,--,--'
Info: Atom 1341 (T0_outputW1[5]) has key 'output,2.5 V,Default,Series 50 Ohm without Calibration,--,FAST,0,--,0,--,--'
Info: Atom 1343 (T0_outputW1[6]) has key 'output,2.5 V,Default,Series 50 Ohm without Calibration,--,FAST,0,--,0,--,--'
Info: Atom 1345 (T0_outputW1[7]) has key 'output,2.5 V,Default,Series 50 Ohm without Calibration,--,FAST,0,--,0,--,--'
Info: Atom 1347 (T0_outputW1[8]) has key 'output,2.5 V,Default,Series 50 Ohm without Calibration,--,FAST,0,--,0,--,--'
Info: Atom 1349 (T0_outputW1[9]) has key 'output,2.5 V,Default,Series 50 Ohm without Calibration,--,FAST,0,--,0,--,--'
Info: Atom 1351 (T0_outputW1[10]) has key 'output,2.5 V,Default,Series 50 Ohm without Calibration,--,FAST,0,--,0,--,--'
Info: Atom 1353 (T0_outputW1[11]) has key 'output,2.5 V,Default,Series 50 Ohm without Calibration,--,FAST,0,--,0,--,--'
Info: Atom 1355 (T0_outputW1[12]) has key 'output,2.5 V,Default,Series 50 Ohm without Calibration,--,FAST,0,--,0,--,--'
Info: Atom 1357 (T0_outputW1[13]) has key 'output,2.5 V,Default,Series 50 Ohm without Calibration,--,FAST,0,--,0,--,--'
Info: Atom 1359 (T0_outputW1[14]) has key 'output,2.5 V,Default,Series 50 Ohm without Calibration,--,FAST,0,--,0,--,--'
Info: Atom 1361 (T0_outputW1[15]) has key 'output,2.5 V,Default,Series 50 Ohm without Calibration,--,FAST,0,--,0,--,--'
Info: Atom 1363 (T1_outputW0[0]) has key 'output,2.5 V,Default,Series 50 Ohm without Calibration,--,FAST,0,--,0,--,--'
Info: Atom 1365 (T1_outputW0[1]) has key 'output,2.5 V,Default,Series 50 Ohm without Calibration,--,FAST,0,--,0,--,--'
Info: Atom 1367 (T1_outputW0[2]) has key 'output,2.5 V,Default,Series 50 Ohm without Calibration,--,FAST,0,--,0,--,--'
Info: Atom 1369 (T1_outputW0[3]) has key 'output,2.5 V,Default,Series 50 Ohm without Calibration,--,FAST,0,--,0,--,--'
Info: Atom 1371 (T1_outputW0[4]) has key 'output,2.5 V,Default,Series 50 Ohm without Calibration,--,FAST,0,--,0,--,--'
Info: Atom 1373 (T1_outputW0[5]) has key 'output,2.5 V,Default,Series 50 Ohm without Calibration,--,FAST,0,--,0,--,--'
Info: Atom 1375 (T1_outputW0[6]) has key 'output,2.5 V,Default,Series 50 Ohm without Calibration,--,FAST,0,--,0,--,--'
Info: Atom 1377 (T1_outputW0[7]) has key 'output,2.5 V,Default,Series 50 Ohm without Calibration,--,FAST,0,--,0,--,--'
Info: Atom 1379 (T1_outputW0[8]) has key 'output,2.5 V,Default,Series 50 Ohm without Calibration,--,FAST,0,--,0,--,--'
Info: Atom 1381 (T1_outputW0[9]) has key 'output,2.5 V,Default,Series 50 Ohm without Calibration,--,FAST,0,--,0,--,--'
Info: Atom 1383 (T1_outputW0[10]) has key 'output,2.5 V,Default,Series 50 Ohm without Calibration,--,FAST,0,--,0,--,--'
Info: Atom 1385 (T1_outputW0[11]) has key 'output,2.5 V,Default,Series 50 Ohm without Calibration,--,FAST,0,--,0,--,--'
Info: Atom 1387 (T1_outputW0[12]) has key 'output,2.5 V,Default,Series 50 Ohm without Calibration,--,FAST,0,--,0,--,--'
Info: Atom 1389 (T1_outputW0[13]) has key 'output,2.5 V,Default,Series 50 Ohm without Calibration,--,FAST,0,--,0,--,--'
Info: Atom 1391 (T1_outputW0[14]) has key 'output,2.5 V,Default,Series 50 Ohm without Calibration,--,FAST,0,--,0,--,--'
Info: Atom 1393 (T1_outputW0[15]) has key 'output,2.5 V,Default,Series 50 Ohm without Calibration,--,FAST,0,--,0,--,--'
Info: Atom 1395 (T1_outputW1[0]) has key 'output,2.5 V,Default,Series 50 Ohm without Calibration,--,FAST,0,--,0,--,--'
Info: Atom 1397 (T1_outputW1[1]) has key 'output,2.5 V,Default,Series 50 Ohm without Calibration,--,FAST,0,--,0,--,--'
Info: Atom 1399 (T1_outputW1[2]) has key 'output,2.5 V,Default,Series 50 Ohm without Calibration,--,FAST,0,--,0,--,--'
Info: Atom 1401 (T1_outputW1[3]) has key 'output,2.5 V,Default,Series 50 Ohm without Calibration,--,FAST,0,--,0,--,--'
Info: Atom 1403 (T1_outputW1[4]) has key 'output,2.5 V,Default,Series 50 Ohm without Calibration,--,FAST,0,--,0,--,--'
Info: Atom 1405 (T1_outputW1[5]) has key 'output,2.5 V,Default,Series 50 Ohm without Calibration,--,FAST,0,--,0,--,--'
Info: Atom 1407 (T1_outputW1[6]) has key 'output,2.5 V,Default,Series 50 Ohm without Calibration,--,FAST,0,--,0,--,--'
Info: Atom 1409 (T1_outputW1[7]) has key 'output,2.5 V,Default,Series 50 Ohm without Calibration,--,FAST,0,--,0,--,--'
Info: Atom 1411 (T1_outputW1[8]) has key 'output,2.5 V,Default,Series 50 Ohm without Calibration,--,FAST,0,--,0,--,--'
Info: Atom 1413 (T1_outputW1[9]) has key 'output,2.5 V,Default,Series 50 Ohm without Calibration,--,FAST,0,--,0,--,--'
Info: Atom 1415 (T1_outputW1[10]) has key 'output,2.5 V,Default,Series 50 Ohm without Calibration,--,FAST,0,--,0,--,--'
Info: Atom 1417 (T1_outputW1[11]) has key 'output,2.5 V,Default,Series 50 Ohm without Calibration,--,FAST,0,--,0,--,--'
Info: Atom 1419 (T1_outputW1[12]) has key 'output,2.5 V,Default,Series 50 Ohm without Calibration,--,FAST,0,--,0,--,--'
Info: Atom 1421 (T1_outputW1[13]) has key 'output,2.5 V,Default,Series 50 Ohm without Calibration,--,FAST,0,--,0,--,--'
Info: Atom 1423 (T1_outputW1[14]) has key 'output,2.5 V,Default,Series 50 Ohm without Calibration,--,FAST,0,--,0,--,--'
Info: Atom 1425 (T1_outputW1[15]) has key 'output,2.5 V,Default,Series 50 Ohm without Calibration,--,FAST,0,--,0,--,--'
Info: Atom 1427 (T2_outputW0[0]) has key 'output,2.5 V,Default,Series 50 Ohm without Calibration,--,FAST,0,--,0,--,--'
Info: Atom 1429 (T2_outputW0[1]) has key 'output,2.5 V,Default,Series 50 Ohm without Calibration,--,FAST,0,--,0,--,--'
Info: Atom 1431 (T2_outputW0[2]) has key 'output,2.5 V,Default,Series 50 Ohm without Calibration,--,FAST,0,--,0,--,--'
Info: Atom 1433 (T2_outputW0[3]) has key 'output,2.5 V,Default,Series 50 Ohm without Calibration,--,FAST,0,--,0,--,--'
Info: Atom 1435 (T2_outputW0[4]) has key 'output,2.5 V,Default,Series 50 Ohm without Calibration,--,FAST,0,--,0,--,--'
Info: Atom 1437 (T2_outputW0[5]) has key 'output,2.5 V,Default,Series 50 Ohm without Calibration,--,FAST,0,--,0,--,--'
Info: Atom 1439 (T2_outputW0[6]) has key 'output,2.5 V,Default,Series 50 Ohm without Calibration,--,FAST,0,--,0,--,--'
Info: Atom 1441 (T2_outputW0[7]) has key 'output,2.5 V,Default,Series 50 Ohm without Calibration,--,FAST,0,--,0,--,--'
Info: Atom 1443 (T2_outputW0[8]) has key 'output,2.5 V,Default,Series 50 Ohm without Calibration,--,FAST,0,--,0,--,--'
Info: Atom 1445 (T2_outputW0[9]) has key 'output,2.5 V,Default,Series 50 Ohm without Calibration,--,FAST,0,--,0,--,--'
Info: Atom 1447 (T2_outputW0[10]) has key 'output,2.5 V,Default,Series 50 Ohm without Calibration,--,FAST,0,--,0,--,--'
Info: Atom 1449 (T2_outputW0[11]) has key 'output,2.5 V,Default,Series 50 Ohm without Calibration,--,FAST,0,--,0,--,--'
Info: Atom 1451 (T2_outputW0[12]) has key 'output,2.5 V,Default,Series 50 Ohm without Calibration,--,FAST,0,--,0,--,--'
Info: Atom 1453 (T2_outputW0[13]) has key 'output,2.5 V,Default,Series 50 Ohm without Calibration,--,FAST,0,--,0,--,--'
Info: Atom 1455 (T2_outputW0[14]) has key 'output,2.5 V,Default,Series 50 Ohm without Calibration,--,FAST,0,--,0,--,--'
Info: Atom 1457 (T2_outputW0[15]) has key 'output,2.5 V,Default,Series 50 Ohm without Calibration,--,FAST,0,--,0,--,--'
Info: Atom 1459 (T2_outputW1[0]) has key 'output,2.5 V,Default,Series 50 Ohm without Calibration,--,FAST,0,--,0,--,--'
Info: Atom 1461 (T2_outputW1[1]) has key 'output,2.5 V,Default,Series 50 Ohm without Calibration,--,FAST,0,--,0,--,--'
Info: Atom 1463 (T2_outputW1[2]) has key 'output,2.5 V,Default,Series 50 Ohm without Calibration,--,FAST,0,--,0,--,--'
Info: Atom 1465 (T2_outputW1[3]) has key 'output,2.5 V,Default,Series 50 Ohm without Calibration,--,FAST,0,--,0,--,--'
Info: Atom 1467 (T2_outputW1[4]) has key 'output,2.5 V,Default,Series 50 Ohm without Calibration,--,FAST,0,--,0,--,--'
Info: Atom 1469 (T2_outputW1[5]) has key 'output,2.5 V,Default,Series 50 Ohm without Calibration,--,FAST,0,--,0,--,--'
Info: Atom 1471 (T2_outputW1[6]) has key 'output,2.5 V,Default,Series 50 Ohm without Calibration,--,FAST,0,--,0,--,--'
Info: Atom 1473 (T2_outputW1[7]) has key 'output,2.5 V,Default,Series 50 Ohm without Calibration,--,FAST,0,--,0,--,--'
Info: Atom 1475 (T2_outputW1[8]) has key 'output,2.5 V,Default,Series 50 Ohm without Calibration,--,FAST,0,--,0,--,--'
Info: Atom 1477 (T2_outputW1[9]) has key 'output,2.5 V,Default,Series 50 Ohm without Calibration,--,FAST,0,--,0,--,--'
Info: Atom 1479 (T2_outputW1[10]) has key 'output,2.5 V,Default,Series 50 Ohm without Calibration,--,FAST,0,--,0,--,--'
Info: Atom 1481 (T2_outputW1[11]) has key 'output,2.5 V,Default,Series 50 Ohm without Calibration,--,FAST,0,--,0,--,--'
Info: Atom 1483 (T2_outputW1[12]) has key 'output,2.5 V,Default,Series 50 Ohm without Calibration,--,FAST,0,--,0,--,--'
Info: Atom 1485 (T2_outputW1[13]) has key 'output,2.5 V,Default,Series 50 Ohm without Calibration,--,FAST,0,--,0,--,--'
Info: Atom 1487 (T2_outputW1[14]) has key 'output,2.5 V,Default,Series 50 Ohm without Calibration,--,FAST,0,--,0,--,--'
Info: Atom 1489 (T2_outputW1[15]) has key 'output,2.5 V,Default,Series 50 Ohm without Calibration,--,FAST,0,--,0,--,--'
Info: Atom 1491 (T3_outputW0[0]) has key 'output,2.5 V,Default,Series 50 Ohm without Calibration,--,FAST,0,--,0,--,--'
Info: Atom 1493 (T3_outputW0[1]) has key 'output,2.5 V,Default,Series 50 Ohm without Calibration,--,FAST,0,--,0,--,--'
Info: Atom 1495 (T3_outputW0[2]) has key 'output,2.5 V,Default,Series 50 Ohm without Calibration,--,FAST,0,--,0,--,--'
Info: Atom 1497 (T3_outputW0[3]) has key 'output,2.5 V,Default,Series 50 Ohm without Calibration,--,FAST,0,--,0,--,--'
Info: Atom 1499 (T3_outputW0[4]) has key 'output,2.5 V,Default,Series 50 Ohm without Calibration,--,FAST,0,--,0,--,--'
Info: Atom 1501 (T3_outputW0[5]) has key 'output,2.5 V,Default,Series 50 Ohm without Calibration,--,FAST,0,--,0,--,--'
Info: Atom 1503 (T3_outputW0[6]) has key 'output,2.5 V,Default,Series 50 Ohm without Calibration,--,FAST,0,--,0,--,--'
Info: Atom 1505 (T3_outputW0[7]) has key 'output,2.5 V,Default,Series 50 Ohm without Calibration,--,FAST,0,--,0,--,--'
Info: Atom 1507 (T3_outputW0[8]) has key 'output,2.5 V,Default,Series 50 Ohm without Calibration,--,FAST,0,--,0,--,--'
Info: Atom 1509 (T3_outputW0[9]) has key 'output,2.5 V,Default,Series 50 Ohm without Calibration,--,FAST,0,--,0,--,--'
Info: Atom 1511 (T3_outputW0[10]) has key 'output,2.5 V,Default,Series 50 Ohm without Calibration,--,FAST,0,--,0,--,--'
Info: Atom 1513 (T3_outputW0[11]) has key 'output,2.5 V,Default,Series 50 Ohm without Calibration,--,FAST,0,--,0,--,--'
Info: Atom 1515 (T3_outputW0[12]) has key 'output,2.5 V,Default,Series 50 Ohm without Calibration,--,FAST,0,--,0,--,--'
Info: Atom 1517 (T3_outputW0[13]) has key 'output,2.5 V,Default,Series 50 Ohm without Calibration,--,FAST,0,--,0,--,--'
Info: Atom 1519 (T3_outputW0[14]) has key 'output,2.5 V,Default,Series 50 Ohm without Calibration,--,FAST,0,--,0,--,--'
Info: Atom 1521 (T3_outputW0[15]) has key 'output,2.5 V,Default,Series 50 Ohm without Calibration,--,FAST,0,--,0,--,--'
Info: Atom 1523 (T3_outputW1[0]) has key 'output,2.5 V,Default,Series 50 Ohm without Calibration,--,FAST,0,--,0,--,--'
Info: Atom 1525 (T3_outputW1[1]) has key 'output,2.5 V,Default,Series 50 Ohm without Calibration,--,FAST,0,--,0,--,--'
Info: Atom 1527 (T3_outputW1[2]) has key 'output,2.5 V,Default,Series 50 Ohm without Calibration,--,FAST,0,--,0,--,--'
Info: Atom 1529 (T3_outputW1[3]) has key 'output,2.5 V,Default,Series 50 Ohm without Calibration,--,FAST,0,--,0,--,--'
Info: Atom 1531 (T3_outputW1[4]) has key 'output,2.5 V,Default,Series 50 Ohm without Calibration,--,FAST,0,--,0,--,--'
Info: Atom 1533 (T3_outputW1[5]) has key 'output,2.5 V,Default,Series 50 Ohm without Calibration,--,FAST,0,--,0,--,--'
Info: Atom 1535 (T3_outputW1[6]) has key 'output,2.5 V,Default,Series 50 Ohm without Calibration,--,FAST,0,--,0,--,--'
Info: Atom 1537 (T3_outputW1[7]) has key 'output,2.5 V,Default,Series 50 Ohm without Calibration,--,FAST,0,--,0,--,--'
Info: Atom 1539 (T3_outputW1[8]) has key 'output,2.5 V,Default,Series 50 Ohm without Calibration,--,FAST,0,--,0,--,--'
Info: Atom 1541 (T3_outputW1[9]) has key 'output,2.5 V,Default,Series 50 Ohm without Calibration,--,FAST,0,--,0,--,--'
Info: Atom 1543 (T3_outputW1[10]) has key 'output,2.5 V,Default,Series 50 Ohm without Calibration,--,FAST,0,--,0,--,--'
Info: Atom 1545 (T3_outputW1[11]) has key 'output,2.5 V,Default,Series 50 Ohm without Calibration,--,FAST,0,--,0,--,--'
Info: Atom 1547 (T3_outputW1[12]) has key 'output,2.5 V,Default,Series 50 Ohm without Calibration,--,FAST,0,--,0,--,--'
Info: Atom 1549 (T3_outputW1[13]) has key 'output,2.5 V,Default,Series 50 Ohm without Calibration,--,FAST,0,--,0,--,--'
Info: Atom 1551 (T3_outputW1[14]) has key 'output,2.5 V,Default,Series 50 Ohm without Calibration,--,FAST,0,--,0,--,--'
Info: Atom 1553 (T3_outputW1[15]) has key 'output,2.5 V,Default,Series 50 Ohm without Calibration,--,FAST,0,--,0,--,--'
Info: Atom 1555 (clk) has key 'input,2.5 V,--,--,Off,--,0,--,0,--,--'
Info: Atom 1557 (start) has key 'input,2.5 V,--,--,Off,--,0,--,0,--,--'
Info: Atom 1559 (memclk) has key 'input,2.5 V,--,--,Off,--,0,--,0,--,--'
Info: FPGA Xchange file C:/Users/R4dioS1lence/Desktop/QuartusProjects/ProjetoFinal_paralelo/board/fpgaxchange/CNN_Layer.fx generated successfully
